<?xml version="1.0" encoding="UTF-8"?>
<!-- Generated by org.testng.reporters.JUnitReportReporter -->
<testsuite hostname="Himanis-MacBook-Air.local" failures="0" tests="1" name="testCases.TC_002_LoginTest" time="1.750" errors="0" timestamp="2024-03-30T14:11:41 PDT" skipped="0">
  <testcase classname="testCases.TC_002_LoginTest" name="verifyLogin" time="1.750"/>
</testsuite> <!-- testCases.TC_002_LoginTest -->
